<?xml version="1.0" encoding="UTF-8"?>
<!-- Generated by org.testng.reporters.JUnitXMLReporter -->
<testsuite hostname="DESKTOP-94HMJT1" ignored="1" name="Default test" tests="4" failures="0" timestamp="24 Jul 2018 17:32:42 GMT" time="6.955" errors="0">
  <testcase name="verifyUserCanAddproductToCartUsingMenuBar" time="0.004" classname="org.renuka.test.OpenCartTests"/>
  <testcase name="verifyUserCanAddproductToCartUsingMenuBar" time="0.001" classname="org.renuka.test.OpenCartTests"/>
  <testcase name="verifyUserCanAddproductToCartUsingMenuBar" time="2.069" classname="org.renuka.test.OpenCartTests"/>
  <testcase name="verifyUserCanAddproductToCartUsingMenuBar" time="0.004" classname="org.renuka.test.OpenCartTests"/>
  <testcase name="verifyUserCanAddToCartOneOrMoreProductUsingSearch" time="0.0" classname="org.renuka.test.OpenCartTests">
    <ignored/>
  </testcase> <!-- verifyUserCanAddToCartOneOrMoreProductUsingSearch -->
</testsuite> <!-- Default test -->
