<?xml version="1.0" encoding="UTF-8"?>
<testng-results skipped="0" failed="0" ignored="0" total="1" passed="1">
  <reporter-output>
  </reporter-output>
  <suite name="Default suite" duration-ms="8717" started-at="2018-07-19T16:47:37Z" finished-at="2018-07-19T16:47:45Z">
    <groups>
    </groups>
    <test name="Default test" duration-ms="8717" started-at="2018-07-19T16:47:37Z" finished-at="2018-07-19T16:47:45Z">
      <class name="org.renuka.test.RunnerClass">
        <test-method status="PASS" signature="TestInitialization()[pri:0, instance:org.renuka.test.RunnerClass@548a9f61]" name="TestInitialization" is-config="true" duration-ms="5014" started-at="2018-07-19T22:17:37Z" finished-at="2018-07-19T22:17:42Z">
          <reporter-output>
          </reporter-output>
        </test-method> <!-- TestInitialization -->
        <test-method status="PASS" signature="verifyUserCanAddToCartOneOrMoreProductUsingSearch()[pri:0, instance:org.renuka.test.RunnerClass@548a9f61]" name="verifyUserCanAddToCartOneOrMoreProductUsingSearch" duration-ms="2927" started-at="2018-07-19T22:17:42Z" finished-at="2018-07-19T22:17:45Z">
          <reporter-output>
          </reporter-output>
        </test-method> <!-- verifyUserCanAddToCartOneOrMoreProductUsingSearch -->
        <test-method status="PASS" signature="TestCleanUp()[pri:0, instance:org.renuka.test.RunnerClass@548a9f61]" name="TestCleanUp" is-config="true" duration-ms="760" started-at="2018-07-19T22:17:45Z" finished-at="2018-07-19T22:17:45Z">
          <reporter-output>
          </reporter-output>
        </test-method> <!-- TestCleanUp -->
      </class> <!-- org.renuka.test.RunnerClass -->
    </test> <!-- Default test -->
  </suite> <!-- Default suite -->
</testng-results>
